ď»ż
> nextn@0.1.0 build
> next build --no-lint

node.exe :  Ă”ĂśĂˇ Linting is disabled.
No linha:1 caractere:1
+ & "C:\Program Files\nodejs/node.exe" "C:\Program 
Files\nodejs/node_mo ...
+ ~~~~~~~~~~~~~~~~~~~~~~~~~~~~~~~~~~~~~~~~~~~~~~~~~
~~~~~~~~~~~~~~~~~~~~
    + CategoryInfo          : NotSpecified: ( Ă”ĂśĂˇ  
   Linting is disabled.:String) [], RemoteExcepti  
  on
    + FullyQualifiedErrorId : NativeCommandError
 
  Ă”Ă»â–“ Next.js 14.2.35
  - Environments: .env.local, .env

   Creating an optimized production build ...
 Ă”ĂśĂˇ Compiled with warnings

./node_modules/require-in-the-middle/index.js
Critical dependency: require function is used in a 
way in which dependencies cannot be statically 
extracted

Import trace for requested module:
./node_modules/require-in-the-middle/index.js
./node_modules/@opentelemetry/instrumentation/build
/esm/platform/node/instrumentation.js
./node_modules/@opentelemetry/instrumentation/build
/esm/platform/node/index.js
./node_modules/@opentelemetry/instrumentation/build
/esm/platform/index.js
./node_modules/@opentelemetry/instrumentation/build
/esm/index.js
./node_modules/@opentelemetry/sdk-node/build/src/sd
k.js
./node_modules/@opentelemetry/sdk-node/build/src/in
dex.js
./node_modules/@genkit-ai/core/lib/tracing/node-tel
emetry-provider.js
./node_modules/@genkit-ai/core/lib/node.js
./node_modules/genkit/lib/common.js
./node_modules/genkit/lib/index.mjs
./src/ai/flows/djeny-chat-flow.ts

 Ă”ÂŁĂ´ Compiled successfully
   Skipping validation of types
   Collecting page data ...
   Generating static pages (0/65) ...
   Generating static pages (16/65) 
   Generating static pages (32/65) 
   Generating static pages (48/65) 
 Ă”ÂŁĂ´ Generating static pages (65/65)
   Finalizing page optimization ...
   Collecting build traces ...

Route (app)                                               Size     First Load JS
Ă”Ă¶Ă® Ă”ĂąĂŻ /                                                     4.9 kB          180 kB
Ă”Ă¶ÂŁ Ă”ĂąĂŻ /_not-found                                           880 B          88.5 kB
Ă”Ă¶ÂŁ Ă”ĂąĂŻ /about                                                4.91 kB         170 kB
Ă”Ă¶ÂŁ Ă”ĂąĂŻ /brand-assets                                         4.79 kB         170 kB
Ă”Ă¶ÂŁ Ă”ĂąĂŻ /career-advisor                                       5.99 kB         240 kB
Ă”Ă¶ÂŁ Ă”ĂąĂŻ /certificate/view                                     2.98 kB         242 kB
Ă”Ă¶ÂŁ Ă”ĂąĂŻ /clan                                                 390 B            88 kB
Ă”Ă¶ÂŁ Ă”ĂąĂŻ /consulting                                           3.31 kB         178 kB
Ă”Ă¶ÂŁ Ă”ĂąĂŻ /contact                                              12.7 kB         199 kB
Ă”Ă¶ÂŁ Ă”ĂąĂŻ /courses                                              5.02 kB         187 kB
Ă”Ă¶ÂŁ Ă”ĂąĂ… /courses/[slug]                                       48.3 kB         356 kB
Ă”Ă¶ÂŁ   Ă”Ă¶ÂŁ /courses/relacionamento-interpessoal-iniciante
Ă”Ă¶ÂŁ   Ă”Ă¶ÂŁ /courses/relacionamento-interpessoal-intermediario
Ă”Ă¶ÂŁ   Ă”Ă¶ÂŁ /courses/preparando-equipes-intermediario
Ă”Ă¶ÂŁ   Ă”Ă¶Ă¶ [+8 more paths]
Ă”Ă¶ÂŁ Ă”ĂąĂŻ /djeny                                                393 B            88 kB
Ă”Ă¶ÂŁ Ă”ĂąĂŻ /excellence                                           8.54 kB         174 kB
Ă”Ă¶ÂŁ Ă”ĂąĂŻ /forgot-password                                      3 kB            227 kB
Ă”Ă¶ÂŁ Ă”ĂąĂŻ /gabinete                                             8.61 kB         244 kB
Ă”Ă¶ÂŁ Ă”ĂąĂŻ /gabinete/compras                                     3.19 kB         107 kB
Ă”Ă¶ÂŁ Ă”ĂąĂŻ /gabinete/configuracoes                               8.19 kB         103 kB
Ă”Ă¶ÂŁ Ă”ĂąĂŻ /gabinete/merito                                      2.34 kB         229 kB
Ă”Ă¶ÂŁ Ă”ĂąĂŻ /gabinete/merito/view                                 4.51 kB         243 kB
Ă”Ă¶ÂŁ Ă”ĂąĂŻ /gallery                                              5.09 kB         180 kB
Ă”Ă¶ÂŁ Ă”ĂąĂŻ /inicio                                               384 B            88 kB
Ă”Ă¶ÂŁ Ă”ĂąĂŻ /intelligence                                         3.58 kB         178 kB
Ă”Ă¶ÂŁ Ă”ĂąĂŻ /intelligence/compras                                 5.99 kB         361 kB
Ă”Ă¶ÂŁ Ă”ĂąĂŻ /intelligence/compras/access                          5.75 kB         121 kB
Ă”Ă¶ÂŁ Ă”ĂąĂŻ /intelligence/compras/trial                           6.64 kB         437 kB
Ă”Ă¶ÂŁ Ă”ĂąĂŻ /intelligence/dante                                   391 B            88 kB
Ă”Ă¶ÂŁ Ă”ĂąĂŻ /intelligence/dante-safra                             594 B           237 kB
Ă”Ă¶ÂŁ Ă”ĂąĂŻ /intelligence/dante-safra/access                      5.75 kB         121 kB
Ă”Ă¶ÂŁ Ă”ĂąĂŻ /intelligence/dante-safra/trial                       2.34 kB         304 kB
Ă”Ă¶ÂŁ Ă”ĂąĂŻ /intelligence/djeny-design/access                     5.76 kB         121 kB
Ă”Ă¶ÂŁ Ă”ĂąĂŻ /intelligence/djeny-design/trial                      8.64 kB         315 kB
Ă”Ă¶ÂŁ Ă”ĂąĂŻ /intelligence/onboarding                              6.61 kB         101 kB
Ă”Ă¶ÂŁ Ă”ĂąĂŻ /login                                                4.35 kB         252 kB
Ă”Ă¶ÂŁ Ă”ĂąĂŻ /mentorship                                           392 B            88 kB
Ă”Ă¶ÂŁ Ă”ĂąĂŻ /nexus-intelligence                                   392 B            88 kB
Ă”Ă¶ÂŁ Ă”ĂąĂŻ /nexus-intelligence/dante                             389 B            88 kB
Ă”Ă¶ÂŁ Ă”ĂąĂŻ /nexus-intelligence/dante-safra                       403 B            88 kB
Ă”Ă¶ÂŁ Ă”ĂąĂŻ /nexus-intelligence/onboarding                        402 B            88 kB
Ă”Ă¶ÂŁ Ă”ĂąĂŻ /palestras                                            3.06 kB         300 kB
Ă”Ă¶ÂŁ Ă”ĂąĂ… /palestras/[slug]/preview                             17.1 kB         254 kB
Ă”Ă¶ÂŁ   Ă”Ă¶ÂŁ /palestras/comunicacao-que-conecta/preview
Ă”Ă¶ÂŁ   Ă”Ă¶ÂŁ /palestras/motivacao-e-engajamento/preview
Ă”Ă¶ÂŁ   Ă”Ă¶ÂŁ /palestras/inteligencia-emocional/preview
Ă”Ă¶ÂŁ   Ă”Ă¶Ă¶ [+4 more paths]
Ă”Ă¶ÂŁ Ă”ĂąĂŻ /privacy                                              501 B           153 kB
Ă”Ă¶ÂŁ Ă”ĂąĂŻ /profile                                              6.58 kB         238 kB
Ă”Ă¶ÂŁ Ă”ĂąĂŻ /proposals                                            2.62 kB         162 kB
Ă”Ă¶ÂŁ Ă”ĂąĂŻ /psg-vision                                           5.53 kB         115 kB
Ă”Ă¶ÂŁ Ă”ĂąĂŻ /signup                                               4.63 kB         252 kB
Ă”Ă¶Ă¶ Ă”ĂąĂŻ /terms                                                460 B           153 kB
+ First Load JS shared by all                             87.6 kB
  Ă”Ă¶ÂŁ chunks/2117-941ca18a46904597.js                       31.9 kB
  Ă”Ă¶ÂŁ chunks/fd9d1056-36f772b4ade5155e.js                   53.6 kB
  Ă”Ă¶Ă¶ other shared chunks (total)                           2.08 kB


Ă”ĂąĂŻ  (Static)  prerendered as static content
Ă”ĂąĂ…  (SSG)     prerendered as static HTML (uses getStaticProps)

