
> nextn@0.1.0 build
> next build --no-lint

node.exe :  ÔÜá Linting is disabled.
No linha:1 caractere:1
+ & "C:\Program Files\nodejs/node.exe" "C:\Program 
Files\nodejs/node_mo ...
+ ~~~~~~~~~~~~~~~~~~~~~~~~~~~~~~~~~~~~~~~~~~~~~~~~~
~~~~~~~~~~~~~~~~~~~~
    + CategoryInfo          : NotSpecified: ( ÔÜá  
   Linting is disabled.:String) [], RemoteExcepti  
  on
    + FullyQualifiedErrorId : NativeCommandError
 
  Ôû▓ Next.js 14.2.35
  - Environments: .env.local, .env

   Creating an optimized production build ...

> Build error occurred
Error: Page "/palestras/[slug]/preview/page" 
cannot use both "use client" and export function 
"generateStaticParams()".
    at getPageStaticInfo 
(C:\Users\geand\OneDrive\Desktop\PROJETO NEXUS\site
-novo\node_modules\next\dist\build\analysis\get-pag
e-static-info.js:468:19)
    at async getStaticInfoIncludingLayouts 
(C:\Users\geand\OneDrive\Desktop\PROJETO NEXUS\site
-novo\node_modules\next\dist\build\entries.js:108:2
8)
    at async 
C:\Users\geand\OneDrive\Desktop\PROJETO NEXUS\site-
novo\node_modules\next\dist\build\entries.js:410:32
    at async Promise.all (index 39)
    at async Promise.all (index 0)
    at async createEntrypoints 
(C:\Users\geand\OneDrive\Desktop\PROJETO NEXUS\site
-novo\node_modules\next\dist\build\entries.js:550:5
)
    at async Span.traceAsyncFn 
(C:\Users\geand\OneDrive\Desktop\PROJETO NEXUS\site
-novo\node_modules\next\dist\trace\trace.js:154:20)
    at async webpackBuildImpl 
(C:\Users\geand\OneDrive\Desktop\PROJETO NEXUS\site
-novo\node_modules\next\dist\build\webpack-build\im
pl.js:104:25)
    at async Object.workerMain 
(C:\Users\geand\OneDrive\Desktop\PROJETO NEXUS\site
-novo\node_modules\next\dist\build\webpack-build\im
pl.js:330:20) {
  type: 'Error'
}
