
> nextn@0.1.0 build
> next build --no-lint

node.exe :  ÔÜá Linting is disabled.
No linha:1 caractere:1
+ & "C:\Program Files\nodejs/node.exe" "C:\Program 
Files\nodejs/node_mo ...
+ ~~~~~~~~~~~~~~~~~~~~~~~~~~~~~~~~~~~~~~~~~~~~~~~~~
~~~~~~~~~~~~~~~~~~~~
    + CategoryInfo          : NotSpecified: ( ÔÜá  
   Linting is disabled.:String) [], RemoteExcepti  
  on
    + FullyQualifiedErrorId : NativeCommandError
 
  Ôû▓ Next.js 14.2.35
  - Environments: .env.local, .env

   Creating an optimized production build ...
 ÔÜá Compiled with warnings

./node_modules/require-in-the-middle/index.js
Critical dependency: require function is used in a 
way in which dependencies cannot be statically 
extracted

Import trace for requested module:
./node_modules/require-in-the-middle/index.js
./node_modules/@opentelemetry/instrumentation/build
/esm/platform/node/instrumentation.js
./node_modules/@opentelemetry/instrumentation/build
/esm/platform/node/index.js
./node_modules/@opentelemetry/instrumentation/build
/esm/platform/index.js
./node_modules/@opentelemetry/instrumentation/build
/esm/index.js
./node_modules/@opentelemetry/sdk-node/build/src/sd
k.js
./node_modules/@opentelemetry/sdk-node/build/src/in
dex.js
./node_modules/@genkit-ai/core/lib/tracing/node-tel
emetry-provider.js
./node_modules/@genkit-ai/core/lib/node.js
./node_modules/genkit/lib/common.js
./node_modules/genkit/lib/index.mjs
./src/ai/flows/djeny-chat-flow.ts

 Ô£ô Compiled successfully
   Skipping validation of types
   Collecting page data ...

> Build error occurred
Error: Page "/palestras/[slug]/preview" is missing 
"generateStaticParams()" so it cannot be used with 
"output: export" config.
    at C:\Users\geand\OneDrive\Desktop\PROJETO NEXU
S\site-novo\node_modules\next\dist\build\index.js:1
297:59
    at process.processTicksAndRejections 
(node:internal/process/task_queues:103:5)
    at async Span.traceAsyncFn 
(C:\Users\geand\OneDrive\Desktop\PROJETO NEXUS\site
-novo\node_modules\next\dist\trace\trace.js:154:20)
    at async Promise.all (index 42)
    at async 
C:\Users\geand\OneDrive\Desktop\PROJETO NEXUS\site-
novo\node_modules\next\dist\build\index.js:1175:17
    at async Span.traceAsyncFn 
(C:\Users\geand\OneDrive\Desktop\PROJETO NEXUS\site
-novo\node_modules\next\dist\trace\trace.js:154:20)
    at async 
C:\Users\geand\OneDrive\Desktop\PROJETO NEXUS\site-
novo\node_modules\next\dist\build\index.js:1098:124
    at async Span.traceAsyncFn 
(C:\Users\geand\OneDrive\Desktop\PROJETO NEXUS\site
-novo\node_modules\next\dist\trace\trace.js:154:20)
    at async build 
(C:\Users\geand\OneDrive\Desktop\PROJETO NEXUS\site
-novo\node_modules\next\dist\build\index.js:368:9)
