node.exe : Retrieving projectÔÇª
No linha:1 caractere:1
+ & "C:\Program Files\nodejs/node.exe" "C:\Program Files\nodejs/node_mo ...
+ ~~~~~~~~~~~~~~~~~~~~~~~~~~~~~~~~~~~~~~~~~~~~~~~~~~~~~~~~~~~~~~~~~~~~~
    + CategoryInfo          : NotSpecified: (Retrieving projectÔÇª:String) [], RemoteException
    + FullyQualifiedErrorId : NativeCommandError
 
Deploying geandersonleo-5383s-projects/site-novo
Uploading [--------------------] (0.0B/816B)
Uploading [====================] (816.0B/816B)
Inspect: https://vercel.com/geandersonleo-5383s-projects/site-novo/3av7eoENtAZGSuqLVZ1by3ujjkvh [3s]
Production: https://site-novo-6dd2hbkpp-geandersonleo-5383s-projects.vercel.app [3s]
Building...
Building...
Building: Running build in Washington, D.C., USA (East) ÔÇô iad1
Building: Build machine configuration: 2 cores, 8 GB
Building: Retrieving list of deployment files...
Building: Downloading 367 deployment files...
Building: Restored build cache from previous deployment (7oQiLJkSKSKXLLJT8i3t84Xz87DT)
Building: Running "vercel build"
Building: Vercel CLI 50.35.0
Building: Installing dependencies...
Building: > nextn@0.1.0 postinstall
Building: > npx update-browserslist-db@latest
Building: Latest version:     1.0.30001781
Building: Installed version:  1.0.30001780
Building: Removing old caniuse-lite from lock file
Building: Installing new caniuse-lite version
Building: $ npm install caniuse-lite baseline-browser-mapping
Building: Cleaning package.json dependencies from caniuse-lite
Building: $ npm uninstall caniuse-lite baseline-browser-mapping
Building: caniuse-lite has been successfully updated
Building: No target browser changes
Building: changed 1 package in 12s
Building: 86 packages are looking for funding
Building: run `npm fund` for details
Building: Detected Next.js version: 14.2.35
Building: Running "npm run build"
Building: > nextn@0.1.0 build
Building: > next build --no-lint
Building: ÔÜá Linting is disabled.
Building: Ôû▓ Next.js 14.2.35
Building: - Environments: .env
Building: Creating an optimized production build ...
Building: ÔÜá Compiled with warnings
Building: ./node_modules/require-in-the-middle/index.js
Building: Critical dependency: require function is used in a way in which dependencies cannot be 
statically extracted
Building: Import trace for requested module:
Building: ./node_modules/require-in-the-middle/index.js
Building: ./node_modules/@opentelemetry/instrumentation/build/esm/platform/node/instrumentation.js
Building: ./node_modules/@opentelemetry/instrumentation/build/esm/platform/node/index.js
Building: ./node_modules/@opentelemetry/instrumentation/build/esm/platform/index.js
Building: ./node_modules/@opentelemetry/instrumentation/build/esm/index.js
Building: ./node_modules/@opentelemetry/sdk-node/build/src/sdk.js
Building: ./node_modules/@opentelemetry/sdk-node/build/src/index.js
Building: ./node_modules/@genkit-ai/core/lib/tracing/node-telemetry-provider.js
Building: ./node_modules/@genkit-ai/core/lib/node.js
Building: ./node_modules/genkit/lib/common.js
Building: ./node_modules/genkit/lib/index.mjs
Building: ./src/ai/flows/djeny-chat-flow.ts
Building: Ô£ô Compiled successfully
Building: Skipping validation of types
Building: Collecting page data ...
Building: Generating static pages (0/65) ...
Building: Generating static pages (16/65)
Building: Generating static pages (32/65)
Building: Generating static pages (48/65)
Building: Ô£ô Generating static pages (65/65)
Building: Finalizing page optimization ...
Building: Collecting build traces ...
Building: Route (app)                                               Size     First Load JS
Building: Ôöî Ôùï /                                                     4.9 kB          180 kB
Building: Ôö£ Ôùï /_not-found                                           880 B          88.5 kB
Building: Ôö£ Ôùï /about                                                4.91 kB         170 kB
Building: Ôö£ Ôùï /brand-assets                                         4.79 kB         170 kB
Building: Ôö£ Ôùï /career-advisor                                       6 kB            240 kB
Building: Ôö£ Ôùï /certificate/view                                     2.98 kB         242 kB
Building: Ôö£ Ôùï /clan                                                 390 B            88 kB
Building: Ôö£ Ôùï /consulting                                           3.31 kB         178 kB
Building: Ôö£ Ôùï /contact                                              12.7 kB         199 kB
Building: Ôö£ Ôùï /courses                                              5.02 kB         187 kB
Building: Ôö£ ÔùÅ /courses/[slug]                                       48.3 kB         356 kB
Building: Ôö£   Ôö£ /courses/relacionamento-interpessoal-iniciante
Building: Ôö£   Ôö£ /courses/relacionamento-interpessoal-intermediario
Building: Ôö£   Ôö£ /courses/preparando-equipes-intermediario
Building: Ôö£   Ôöö [+8 more paths]
Building: Ôö£ Ôùï /djeny                                                393 B            88 kB
Building: Ôö£ Ôùï /excellence                                           8.54 kB         174 kB
Building: Ôö£ Ôùï /forgot-password                                      3 kB            227 kB
Building: Ôö£ Ôùï /gabinete                                             8.61 kB         244 kB
Building: Ôö£ Ôùï /gabinete/compras                                     3.19 kB         107 kB
Building: Ôö£ Ôùï /gabinete/configuracoes                               8.19 kB         103 kB
Building: Ôö£ Ôùï /gabinete/merito                                      2.34 kB         229 kB
Building: Ôö£ Ôùï /gabinete/merito/view                                 4.51 kB         243 kB
Building: Ôö£ Ôùï /gallery                                              5.09 kB         180 kB
Building: Ôö£ Ôùï /inicio                                               386 B            88 kB
Building: Ôö£ Ôùï /intelligence                                         3.58 kB         178 kB
Building: Ôö£ Ôùï /intelligence/compras                                 5.99 kB         361 kB
Building: Ôö£ Ôùï /intelligence/compras/access                          5.75 kB         121 kB
Building: Ôö£ Ôùï /intelligence/compras/trial                           6.64 kB         437 kB
Building: Ôö£ Ôùï /intelligence/dante                                   391 B            88 kB
Building: Ôö£ Ôùï /intelligence/dante-safra                             594 B           237 kB
Building: Ôö£ Ôùï /intelligence/dante-safra/access                      5.75 kB         121 kB
Building: Ôö£ Ôùï /intelligence/dante-safra/trial                       2.33 kB         304 kB
Building: Ôö£ Ôùï /intelligence/djeny-design/access                     5.76 kB         121 kB
Building: Ôö£ Ôùï /intelligence/djeny-design/trial                      8.64 kB         315 kB
Building: Ôö£ Ôùï /intelligence/onboarding                              6.61 kB         101 kB
Building: Ôö£ Ôùï /login                                                4.36 kB         252 kB
Building: Ôö£ Ôùï /mentorship                                           393 B            88 kB
Building: Ôö£ Ôùï /nexus-intelligence                                   392 B            88 kB
Building: Ôö£ Ôùï /nexus-intelligence/dante                             389 B            88 kB
Building: Ôö£ Ôùï /nexus-intelligence/dante-safra                       402 B            88 kB
Building: Ôö£ Ôùï /nexus-intelligence/onboarding                        402 B            88 kB
Building: Ôö£ Ôùï /palestras                                            3.06 kB         300 kB
Building: Ôö£ ÔùÅ /palestras/[slug]/preview                             17.1 kB         254 kB
Building: Ôö£   Ôö£ /palestras/comunicacao-que-conecta/preview
Building: Ôö£   Ôö£ /palestras/motivacao-e-engajamento/preview
Building: Ôö£   Ôö£ /palestras/inteligencia-emocional/preview
Building: Ôö£   Ôöö [+4 more paths]
Building: Ôö£ Ôùï /privacy                                              501 B           153 kB
Building: Ôö£ Ôùï /profile                                              6.58 kB         238 kB
Building: Ôö£ Ôùï /proposals                                            2.62 kB         162 kB
Building: Ôö£ Ôùï /psg-vision                                           5.53 kB         115 kB
Building: Ôö£ Ôùï /signup                                               4.63 kB         252 kB
Building: Ôöö Ôùï /terms                                                461 B           153 kB
Building: + First Load JS shared by all                             87.6 kB
Building: Ôö£ chunks/2117-941ca18a46904597.js                       31.9 kB
Building: Ôö£ chunks/fd9d1056-36f772b4ade5155e.js                   53.6 kB
Building: Ôöö other shared chunks (total)                           2.08 kB
Building: Ôùï  (Static)  prerendered as static content
Building: ÔùÅ  (SSG)     prerendered as static HTML (uses getStaticProps)
Building: Traced Next.js server files in: 62.009ms
Building: Created all serverless functions in: 554.116ms
Building: Collected static files (public/, static/, .next/static): 11.022ms
Building: Build Completed in /vercel/output [42s]
Building: Deploying outputs...
Building: Deployment completed
Building: Creating build cache...
[2K[1A[2K[GProduction: https://site-novo-6dd2hbkpp-geandersonleo-5383s-projects.vercel.app [1m]
Completing...
Aliased: https://site-novo-pi.vercel.app [1m]

Common next commands:
- `vercel inspect site-novo-6dd2hbkpp-geandersonleo-5383s-projects.vercel.app --logs`
- `vercel redeploy site-novo-6dd2hbkpp-geandersonleo-5383s-projects.vercel.app`
https://site-novo-6dd2hbkpp-geandersonleo-5383s-projects.vercel.app
